{"error":"{\"message\":\"Token хүчингүй байна\"}","level":"error","message":"HTTP Error Response","method":"GET","service":"xfinance-backend","statusCode":403,"timestamp":"23.10.2025 12:33:36","url":"/me"}
{"error":"{\"message\":\"Нэвтрэх нэр эсвэл нууц үг буруу.\"}","level":"error","message":"HTTP Error Response","method":"POST","service":"xfinance-backend","statusCode":401,"timestamp":"24.10.2025 14:10:47","url":"/login"}
{"error":"{\"message\":\"Нэвтрэх нэр эсвэл нууц үг буруу.\"}","level":"error","message":"HTTP Error Response","method":"POST","service":"xfinance-backend","statusCode":401,"timestamp":"24.10.2025 14:57:33","url":"/login"}
{"error":"{\"message\":\"Нэвтрэх нэр эсвэл нууц үг буруу.\"}","level":"error","message":"HTTP Error Response","method":"POST","service":"xfinance-backend","statusCode":401,"timestamp":"24.10.2025 14:57:50","url":"/login"}
{"error":"{\"message\":\"Token хүчингүй байна\"}","level":"error","message":"HTTP Error Response","method":"GET","service":"xfinance-backend","statusCode":403,"timestamp":"27.10.2025 09:50:49","url":"/me"}
{"error":"{\"message\":\"Серверийн дотоод алдаа\"}","level":"error","message":"HTTP Error Response","method":"GET","service":"xfinance-backend","statusCode":500,"timestamp":"28.10.2025 10:14:13","url":"/me"}
{"error":"{\"message\":\"Серверийн дотоод алдаа\"}","level":"error","message":"HTTP Error Response","method":"GET","service":"xfinance-backend","statusCode":500,"timestamp":"28.10.2025 10:14:30","url":"/me"}
{"error":"{\"message\":\"Серверийн дотоод алдаа\"}","level":"error","message":"HTTP Error Response","method":"GET","service":"xfinance-backend","statusCode":500,"timestamp":"28.10.2025 10:14:41","url":"/me"}
{"error":"{\"message\":\"Серверийн дотоод алдаа\"}","level":"error","message":"HTTP Error Response","method":"GET","service":"xfinance-backend","statusCode":500,"timestamp":"28.10.2025 10:15:22","url":"/me"}
{"error":"{\"message\":\"Серверийн дотоод алдаа\"}","level":"error","message":"HTTP Error Response","method":"GET","service":"xfinance-backend","statusCode":500,"timestamp":"28.10.2025 10:19:14","url":"/me"}
{"error":"{\"message\":\"Token олдсонгүй\"}","level":"error","message":"HTTP Error Response","method":"GET","service":"xfinance-backend","statusCode":401,"timestamp":"28.10.2025 10:22:01","url":"/me"}
{"error":"{\"message\":\"Серверийн дотоод алдаа\"}","level":"error","message":"HTTP Error Response","method":"GET","service":"xfinance-backend","statusCode":500,"timestamp":"28.10.2025 10:22:14","url":"/me"}
{"error":"{\"message\":\"Серверийн дотоод алдаа\"}","level":"error","message":"HTTP Error Response","method":"GET","service":"xfinance-backend","statusCode":500,"timestamp":"28.10.2025 10:31:54","url":"/me"}
{"error":"{\"message\":\"Серверийн дотоод алдаа\"}","level":"error","message":"HTTP Error Response","method":"GET","service":"xfinance-backend","statusCode":500,"timestamp":"28.10.2025 10:34:32","url":"/me"}
{"error":"{\"message\":\"Серверийн дотоод алдаа\"}","level":"error","message":"HTTP Error Response","method":"POST","service":"xfinance-backend","statusCode":500,"timestamp":"28.10.2025 10:36:58","url":"/login"}
{"error":"{\"message\":\"Серверийн дотоод алдаа\"}","level":"error","message":"HTTP Error Response","method":"POST","service":"xfinance-backend","statusCode":500,"timestamp":"28.10.2025 10:37:04","url":"/login"}
{"error":"{\"message\":\"Серверийн дотоод алдаа\"}","level":"error","message":"HTTP Error Response","method":"POST","service":"xfinance-backend","statusCode":500,"timestamp":"28.10.2025 10:37:14","url":"/login"}
{"error":"{\"message\":\"Серверийн дотоод алдаа\"}","level":"error","message":"HTTP Error Response","method":"POST","service":"xfinance-backend","statusCode":500,"timestamp":"28.10.2025 10:37:42","url":"/login"}
{"error":"{\"message\":\"Серверийн дотоод алдаа\"}","level":"error","message":"HTTP Error Response","method":"POST","service":"xfinance-backend","statusCode":500,"timestamp":"28.10.2025 10:37:43","url":"/login"}
{"error":"{\"message\":\"Серверийн дотоод алдаа\"}","level":"error","message":"HTTP Error Response","method":"POST","service":"xfinance-backend","statusCode":500,"timestamp":"28.10.2025 10:37:44","url":"/login"}
{"error":"{\"message\":\"Серверийн дотоод алдаа\"}","level":"error","message":"HTTP Error Response","method":"POST","service":"xfinance-backend","statusCode":500,"timestamp":"28.10.2025 10:37:44","url":"/login"}
{"error":"{\"message\":\"Серверийн дотоод алдаа\"}","level":"error","message":"HTTP Error Response","method":"POST","service":"xfinance-backend","statusCode":500,"timestamp":"28.10.2025 10:37:44","url":"/login"}
{"error":"{\"message\":\"Серверийн дотоод алдаа\"}","level":"error","message":"HTTP Error Response","method":"POST","service":"xfinance-backend","statusCode":500,"timestamp":"28.10.2025 10:37:45","url":"/login"}
{"error":"{\"message\":\"Серверийн дотоод алдаа\"}","level":"error","message":"HTTP Error Response","method":"POST","service":"xfinance-backend","statusCode":500,"timestamp":"28.10.2025 10:37:45","url":"/login"}
{"error":"{\"message\":\"Серверийн дотоод алдаа\"}","level":"error","message":"HTTP Error Response","method":"POST","service":"xfinance-backend","statusCode":500,"timestamp":"28.10.2025 10:37:52","url":"/login"}
{"error":"{\"message\":\"Серверийн дотоод алдаа\"}","level":"error","message":"HTTP Error Response","method":"POST","service":"xfinance-backend","statusCode":500,"timestamp":"28.10.2025 10:37:53","url":"/login"}
{"error":"{\"message\":\"Серверийн дотоод алдаа\"}","level":"error","message":"HTTP Error Response","method":"POST","service":"xfinance-backend","statusCode":500,"timestamp":"28.10.2025 10:37:54","url":"/login"}
{"error":"{\"message\":\"Серверийн дотоод алдаа\"}","level":"error","message":"HTTP Error Response","method":"POST","service":"xfinance-backend","statusCode":500,"timestamp":"28.10.2025 10:37:54","url":"/login"}
{"error":"{\"message\":\"Серверийн дотоод алдаа\"}","level":"error","message":"HTTP Error Response","method":"POST","service":"xfinance-backend","statusCode":500,"timestamp":"28.10.2025 10:38:03","url":"/login"}
{"error":"{\"message\":\"Серверийн дотоод алдаа\"}","level":"error","message":"HTTP Error Response","method":"POST","service":"xfinance-backend","statusCode":500,"timestamp":"28.10.2025 10:39:55","url":"/login"}
{"error":"{\"message\":\"Серверийн дотоод алдаа\"}","level":"error","message":"HTTP Error Response","method":"POST","service":"xfinance-backend","statusCode":500,"timestamp":"28.10.2025 10:40:00","url":"/login"}
{"error":"{\"message\":\"Серверийн дотоод алдаа\"}","level":"error","message":"HTTP Error Response","method":"POST","service":"xfinance-backend","statusCode":500,"timestamp":"28.10.2025 10:40:01","url":"/login"}
{"error":"{\"message\":\"Серверийн дотоод алдаа\"}","level":"error","message":"HTTP Error Response","method":"POST","service":"xfinance-backend","statusCode":500,"timestamp":"28.10.2025 10:40:01","url":"/login"}
{"error":"{\"message\":\"Серверийн дотоод алдаа\"}","level":"error","message":"HTTP Error Response","method":"POST","service":"xfinance-backend","statusCode":500,"timestamp":"28.10.2025 10:40:01","url":"/login"}
{"error":"{\"message\":\"Серверийн дотоод алдаа\"}","level":"error","message":"HTTP Error Response","method":"POST","service":"xfinance-backend","statusCode":500,"timestamp":"28.10.2025 10:40:01","url":"/login"}
{"error":"{\"message\":\"Серверийн дотоод алдаа\"}","level":"error","message":"HTTP Error Response","method":"POST","service":"xfinance-backend","statusCode":500,"timestamp":"28.10.2025 10:40:01","url":"/login"}
{"error":"{\"message\":\"Серверийн дотоод алдаа\"}","level":"error","message":"HTTP Error Response","method":"GET","service":"xfinance-backend","statusCode":500,"timestamp":"28.10.2025 10:40:39","url":"/me"}
{"error":"{\"message\":\"Серверийн дотоод алдаа\"}","level":"error","message":"HTTP Error Response","method":"GET","service":"xfinance-backend","statusCode":500,"timestamp":"28.10.2025 10:41:22","url":"/me"}
{"error":"{\"message\":\"Серверийн дотоод алдаа\"}","level":"error","message":"HTTP Error Response","method":"GET","service":"xfinance-backend","statusCode":500,"timestamp":"28.10.2025 10:41:30","url":"/me"}
{"error":"{\"message\":\"Серверийн дотоод алдаа\"}","level":"error","message":"HTTP Error Response","method":"GET","service":"xfinance-backend","statusCode":500,"timestamp":"28.10.2025 10:41:53","url":"/me"}
{"error":"{\"message\":\"Серверийн дотоод алдаа\"}","level":"error","message":"HTTP Error Response","method":"GET","service":"xfinance-backend","statusCode":500,"timestamp":"28.10.2025 10:41:54","url":"/me"}
{"error":"{\"message\":\"Серверийн дотоод алдаа\"}","level":"error","message":"HTTP Error Response","method":"GET","service":"xfinance-backend","statusCode":500,"timestamp":"28.10.2025 10:47:18","url":"/me"}
{"error":"{\"message\":\"Token олдсонгүй\"}","level":"error","message":"HTTP Error Response","method":"GET","service":"xfinance-backend","statusCode":401,"timestamp":"28.10.2025 10:48:19","url":"/me"}
{"error":"{\"message\":\"Token хүчингүй байна\"}","level":"error","message":"HTTP Error Response","method":"GET","service":"xfinance-backend","statusCode":403,"timestamp":"28.10.2025 20:24:01","url":"/me"}
{"error":"{\"message\":\"Нэвтрэх нэр эсвэл нууц үг буруу.\"}","level":"error","message":"HTTP Error Response","method":"POST","service":"xfinance-backend","statusCode":401,"timestamp":"28.10.2025 20:25:29","url":"/login"}
{"error":"{\"message\":\"Token хүчингүй байна\"}","level":"error","message":"HTTP Error Response","method":"GET","service":"xfinance-backend","statusCode":403,"timestamp":"29.10.2025 12:51:59","url":"/me"}
{"error":"{\"message\":\"company_id is required\"}","level":"error","message":"HTTP Error Response","method":"GET","service":"xfinance-backend","statusCode":400,"timestamp":"30.10.2025 14:26:51","url":"/"}
{"error":"{\"message\":\"company_id is required\"}","level":"error","message":"HTTP Error Response","method":"GET","service":"xfinance-backend","statusCode":400,"timestamp":"30.10.2025 14:34:19","url":"/"}
{"error":"{\"error\":\"Branch data not found for company data\"}","level":"error","message":"HTTP Error Response","method":"GET","service":"xfinance-backend","statusCode":404,"timestamp":"30.10.2025 14:41:38","url":"/?company_id=data"}
{"error":"{\"error\":\"Branch data not found for company data\"}","level":"error","message":"HTTP Error Response","method":"GET","service":"xfinance-backend","statusCode":404,"timestamp":"30.10.2025 14:44:12","url":"/?company_id=data"}
{"error":"{\"error\":\"Branch data not found for company data\"}","level":"error","message":"HTTP Error Response","method":"GET","service":"xfinance-backend","statusCode":404,"timestamp":"30.10.2025 14:44:15","url":"/?company_id=data"}
{"error":"{\"error\":\"Branch data not found for company data\"}","level":"error","message":"HTTP Error Response","method":"GET","service":"xfinance-backend","statusCode":404,"timestamp":"30.10.2025 14:44:24","url":"/?company_id=data"}
{"error":"{\"message\":\"Нууц үг сэргээх хүсэлт илгээхэд алдаа гарлаа\"}","level":"error","message":"HTTP Error Response","method":"POST","service":"xfinance-backend","statusCode":500,"timestamp":"03.11.2025 10:43:48","url":"/forgot-password"}
{"error":"{\"message\":\"Нууц үг сэргээх хүсэлт илгээхэд алдаа гарлаа\"}","level":"error","message":"HTTP Error Response","method":"POST","service":"xfinance-backend","statusCode":500,"timestamp":"03.11.2025 10:45:12","url":"/forgot-password"}
{"error":"{\"message\":\"company_id is required\"}","level":"error","message":"HTTP Error Response","method":"GET","service":"xfinance-backend","statusCode":400,"timestamp":"03.11.2025 10:52:35","url":"/"}
{"error":"{\"message\":\"Access token required\"}","level":"error","message":"HTTP Error Response","method":"GET","service":"xfinance-backend","statusCode":401,"timestamp":"03.11.2025 10:57:50","url":"/"}
{"error":"{\"message\":\"Access token required\"}","level":"error","message":"HTTP Error Response","method":"GET","service":"xfinance-backend","statusCode":401,"timestamp":"03.11.2025 11:47:00","url":"/"}
{"error":"{\"message\":\"Нэвтрэх нэр эсвэл нууц үг буруу.\"}","level":"error","message":"HTTP Error Response","method":"POST","service":"xfinance-backend","statusCode":401,"timestamp":"03.11.2025 11:47:10","url":"/login"}
{"error":"{\"message\":\"Нэвтрэх нэр эсвэл нууц үг буруу.\"}","level":"error","message":"HTTP Error Response","method":"POST","service":"xfinance-backend","statusCode":401,"timestamp":"03.11.2025 11:47:16","url":"/login"}
{"error":"{\"message\":\"Нэвтрэх нэр эсвэл нууц үг буруу.\"}","level":"error","message":"HTTP Error Response","method":"POST","service":"xfinance-backend","statusCode":401,"timestamp":"03.11.2025 11:47:17","url":"/login"}
{"error":"{\"message\":\"Нэвтрэх нэр эсвэл нууц үг буруу.\"}","level":"error","message":"HTTP Error Response","method":"POST","service":"xfinance-backend","statusCode":401,"timestamp":"03.11.2025 11:47:18","url":"/login"}
{"error":"{\"message\":\"Нэвтрэх нэр эсвэл нууц үг буруу.\"}","level":"error","message":"HTTP Error Response","method":"POST","service":"xfinance-backend","statusCode":401,"timestamp":"03.11.2025 11:47:18","url":"/login"}
{"error":"{\"message\":\"Нэвтрэх нэр эсвэл нууц үг буруу.\"}","level":"error","message":"HTTP Error Response","method":"POST","service":"xfinance-backend","statusCode":401,"timestamp":"03.11.2025 11:47:19","url":"/login"}
{"error":"{\"message\":\"Нэвтрэх нэр эсвэл нууц үг буруу.\"}","level":"error","message":"HTTP Error Response","method":"POST","service":"xfinance-backend","statusCode":401,"timestamp":"03.11.2025 11:47:19","url":"/login"}
{"error":"{\"message\":\"Нэвтрэх нэр эсвэл нууц үг буруу.\"}","level":"error","message":"HTTP Error Response","method":"POST","service":"xfinance-backend","statusCode":401,"timestamp":"03.11.2025 11:47:20","url":"/login"}
{"error":"{\"message\":\"Нэвтрэх нэр эсвэл нууц үг буруу.\"}","level":"error","message":"HTTP Error Response","method":"POST","service":"xfinance-backend","statusCode":401,"timestamp":"03.11.2025 11:47:20","url":"/login"}
{"error":"{\"message\":\"Нэвтрэх нэр эсвэл нууц үг буруу.\"}","level":"error","message":"HTTP Error Response","method":"POST","service":"xfinance-backend","statusCode":401,"timestamp":"03.11.2025 11:47:20","url":"/login"}
{"error":"{\"message\":\"Нэвтрэх нэр эсвэл нууц үг буруу.\"}","level":"error","message":"HTTP Error Response","method":"POST","service":"xfinance-backend","statusCode":401,"timestamp":"03.11.2025 11:47:21","url":"/login"}
{"error":"{\"message\":\"Нэвтрэх нэр эсвэл нууц үг буруу.\"}","level":"error","message":"HTTP Error Response","method":"POST","service":"xfinance-backend","statusCode":401,"timestamp":"03.11.2025 11:47:21","url":"/login"}
{"error":"{\"message\":\"Нэвтрэх нэр эсвэл нууц үг буруу.\"}","level":"error","message":"HTTP Error Response","method":"POST","service":"xfinance-backend","statusCode":401,"timestamp":"03.11.2025 11:47:21","url":"/login"}
{"error":"{\"message\":\"Нэвтрэх нэр эсвэл нууц үг буруу.\"}","level":"error","message":"HTTP Error Response","method":"POST","service":"xfinance-backend","statusCode":401,"timestamp":"03.11.2025 11:47:22","url":"/login"}
{"error":"{\"message\":\"Нэвтрэх нэр эсвэл нууц үг буруу.\"}","level":"error","message":"HTTP Error Response","method":"POST","service":"xfinance-backend","statusCode":401,"timestamp":"03.11.2025 11:47:58","url":"/login"}
{"error":"{\"message\":\"Нэвтрэх нэр эсвэл нууц үг буруу.\"}","level":"error","message":"HTTP Error Response","method":"POST","service":"xfinance-backend","statusCode":401,"timestamp":"03.11.2025 11:47:59","url":"/login"}
{"error":"{\"message\":\"Нэвтрэх нэр эсвэл нууц үг буруу.\"}","level":"error","message":"HTTP Error Response","method":"POST","service":"xfinance-backend","statusCode":401,"timestamp":"03.11.2025 11:48:01","url":"/login"}
{"error":"{\"message\":\"Нэвтрэх нэр эсвэл нууц үг буруу.\"}","level":"error","message":"HTTP Error Response","method":"POST","service":"xfinance-backend","statusCode":401,"timestamp":"03.11.2025 11:48:01","url":"/login"}
{"error":"{\"message\":\"Нэвтрэх нэр эсвэл нууц үг буруу.\"}","level":"error","message":"HTTP Error Response","method":"POST","service":"xfinance-backend","statusCode":401,"timestamp":"03.11.2025 11:48:01","url":"/login"}
{"error":"{\"message\":\"Нэвтрэх нэр эсвэл нууц үг буруу.\"}","level":"error","message":"HTTP Error Response","method":"POST","service":"xfinance-backend","statusCode":401,"timestamp":"03.11.2025 11:48:01","url":"/login"}
{"error":"{\"message\":\"Нэвтрэх нэр эсвэл нууц үг буруу.\"}","level":"error","message":"HTTP Error Response","method":"POST","service":"xfinance-backend","statusCode":401,"timestamp":"03.11.2025 11:48:01","url":"/login"}
{"error":"{\"message\":\"Нэвтрэх нэр эсвэл нууц үг буруу.\"}","level":"error","message":"HTTP Error Response","method":"POST","service":"xfinance-backend","statusCode":401,"timestamp":"03.11.2025 11:48:01","url":"/login"}
{"error":"{\"message\":\"Нэвтрэх нэр эсвэл нууц үг буруу.\"}","level":"error","message":"HTTP Error Response","method":"POST","service":"xfinance-backend","statusCode":401,"timestamp":"03.11.2025 11:48:01","url":"/login"}
{"error":"{\"message\":\"Нэвтрэх нэр эсвэл нууц үг буруу.\"}","level":"error","message":"HTTP Error Response","method":"POST","service":"xfinance-backend","statusCode":401,"timestamp":"03.11.2025 11:48:02","url":"/login"}
{"error":"{\"message\":\"Нэвтрэх нэр эсвэл нууц үг буруу.\"}","level":"error","message":"HTTP Error Response","method":"POST","service":"xfinance-backend","statusCode":401,"timestamp":"03.11.2025 11:48:02","url":"/login"}
{"error":"{\"message\":\"Нэвтрэх нэр эсвэл нууц үг буруу.\"}","level":"error","message":"HTTP Error Response","method":"POST","service":"xfinance-backend","statusCode":401,"timestamp":"03.11.2025 11:48:02","url":"/login"}
{"error":"{\"message\":\"Нэвтрэх нэр эсвэл нууц үг буруу.\"}","level":"error","message":"HTTP Error Response","method":"POST","service":"xfinance-backend","statusCode":401,"timestamp":"03.11.2025 11:48:02","url":"/login"}
{"error":"{\"message\":\"Нэвтрэх нэр эсвэл нууц үг буруу.\"}","level":"error","message":"HTTP Error Response","method":"POST","service":"xfinance-backend","statusCode":401,"timestamp":"03.11.2025 11:48:03","url":"/login"}
{"error":"{\"message\":\"Нэвтрэх нэр эсвэл нууц үг буруу.\"}","level":"error","message":"HTTP Error Response","method":"POST","service":"xfinance-backend","statusCode":401,"timestamp":"03.11.2025 11:48:03","url":"/login"}
{"error":"{\"message\":\"Нэвтрэх нэр эсвэл нууц үг буруу.\"}","level":"error","message":"HTTP Error Response","method":"POST","service":"xfinance-backend","statusCode":401,"timestamp":"03.11.2025 11:48:03","url":"/login"}
{"error":"{\"message\":\"Нэвтрэх нэр эсвэл нууц үг буруу.\"}","level":"error","message":"HTTP Error Response","method":"POST","service":"xfinance-backend","statusCode":401,"timestamp":"03.11.2025 11:48:04","url":"/login"}
{"error":"{\"message\":\"Нэвтрэх нэр эсвэл нууц үг буруу.\"}","level":"error","message":"HTTP Error Response","method":"POST","service":"xfinance-backend","statusCode":401,"timestamp":"03.11.2025 11:48:04","url":"/login"}
{"error":"{\"message\":\"Нэвтрэх нэр эсвэл нууц үг буруу.\"}","level":"error","message":"HTTP Error Response","method":"POST","service":"xfinance-backend","statusCode":401,"timestamp":"03.11.2025 11:48:04","url":"/login"}
{"error":"{\"message\":\"Нэвтрэх нэр эсвэл нууц үг буруу.\"}","level":"error","message":"HTTP Error Response","method":"POST","service":"xfinance-backend","statusCode":401,"timestamp":"03.11.2025 11:48:04","url":"/login"}
{"error":"{\"message\":\"Нэвтрэх нэр эсвэл нууц үг буруу.\"}","level":"error","message":"HTTP Error Response","method":"POST","service":"xfinance-backend","statusCode":401,"timestamp":"03.11.2025 11:48:04","url":"/login"}
{"error":"{\"message\":\"Нэвтрэх нэр эсвэл нууц үг буруу.\"}","level":"error","message":"HTTP Error Response","method":"POST","service":"xfinance-backend","statusCode":401,"timestamp":"03.11.2025 11:48:05","url":"/login"}
{"error":"{\"message\":\"Нэвтрэх нэр эсвэл нууц үг буруу.\"}","level":"error","message":"HTTP Error Response","method":"POST","service":"xfinance-backend","statusCode":401,"timestamp":"03.11.2025 11:48:05","url":"/login"}
{"error":"{\"message\":\"Нэвтрэх нэр эсвэл нууц үг буруу.\"}","level":"error","message":"HTTP Error Response","method":"POST","service":"xfinance-backend","statusCode":401,"timestamp":"03.11.2025 11:48:05","url":"/login"}
{"error":"{\"message\":\"Нэвтрэх нэр эсвэл нууц үг буруу.\"}","level":"error","message":"HTTP Error Response","method":"POST","service":"xfinance-backend","statusCode":401,"timestamp":"03.11.2025 11:48:05","url":"/login"}
{"error":"{\"message\":\"Нэвтрэх нэр эсвэл нууц үг буруу.\"}","level":"error","message":"HTTP Error Response","method":"POST","service":"xfinance-backend","statusCode":401,"timestamp":"03.11.2025 11:48:05","url":"/login"}
{"error":"{\"message\":\"Нэвтрэх нэр эсвэл нууц үг буруу.\"}","level":"error","message":"HTTP Error Response","method":"POST","service":"xfinance-backend","statusCode":401,"timestamp":"03.11.2025 11:48:05","url":"/login"}
{"error":"{\"message\":\"Нэвтрэх нэр эсвэл нууц үг буруу.\"}","level":"error","message":"HTTP Error Response","method":"POST","service":"xfinance-backend","statusCode":401,"timestamp":"03.11.2025 11:48:06","url":"/login"}
{"error":"{\"message\":\"Нэвтрэх нэр эсвэл нууц үг буруу. 9 оролдлого үлдсэн.\"}","level":"error","message":"HTTP Error Response","method":"POST","service":"xfinance-backend","statusCode":401,"timestamp":"03.11.2025 11:49:37","url":"/login"}
{"error":"{\"message\":\"Нэвтрэх нэр эсвэл нууц үг буруу. 8 оролдлого үлдсэн.\"}","level":"error","message":"HTTP Error Response","method":"POST","service":"xfinance-backend","statusCode":401,"timestamp":"03.11.2025 11:49:38","url":"/login"}
{"error":"{\"message\":\"Нэвтрэх нэр эсвэл нууц үг буруу. 7 оролдлого үлдсэн.\"}","level":"error","message":"HTTP Error Response","method":"POST","service":"xfinance-backend","statusCode":401,"timestamp":"03.11.2025 11:49:39","url":"/login"}
{"error":"{\"message\":\"Нэвтрэх нэр эсвэл нууц үг буруу. 6 оролдлого үлдсэн.\"}","level":"error","message":"HTTP Error Response","method":"POST","service":"xfinance-backend","statusCode":401,"timestamp":"03.11.2025 11:49:40","url":"/login"}
{"error":"{\"message\":\"Нэвтрэх нэр эсвэл нууц үг буруу. 5 оролдлого үлдсэн.\"}","level":"error","message":"HTTP Error Response","method":"POST","service":"xfinance-backend","statusCode":401,"timestamp":"03.11.2025 11:49:40","url":"/login"}
{"error":"{\"message\":\"Нэвтрэх нэр эсвэл нууц үг буруу. 4 оролдлого үлдсэн.\"}","level":"error","message":"HTTP Error Response","method":"POST","service":"xfinance-backend","statusCode":401,"timestamp":"03.11.2025 11:49:40","url":"/login"}
{"error":"{\"message\":\"Нэвтрэх нэр эсвэл нууц үг буруу. 3 оролдлого үлдсэн.\"}","level":"error","message":"HTTP Error Response","method":"POST","service":"xfinance-backend","statusCode":401,"timestamp":"03.11.2025 11:49:41","url":"/login"}
{"error":"{\"message\":\"Нэвтрэх нэр эсвэл нууц үг буруу. 2 оролдлого үлдсэн.\"}","level":"error","message":"HTTP Error Response","method":"POST","service":"xfinance-backend","statusCode":401,"timestamp":"03.11.2025 11:49:42","url":"/login"}
{"error":"{\"message\":\"Нэвтрэх нэр эсвэл нууц үг буруу. 1 оролдлого үлдсэн.\"}","level":"error","message":"HTTP Error Response","method":"POST","service":"xfinance-backend","statusCode":401,"timestamp":"03.11.2025 11:49:42","url":"/login"}
{"error":"{\"message\":\"Нэвтрэх нэр эсвэл нууц үг буруу. 0 оролдлого үлдсэн.\"}","level":"error","message":"HTTP Error Response","method":"POST","service":"xfinance-backend","statusCode":401,"timestamp":"03.11.2025 11:49:43","url":"/login"}
{"error":"{\"message\":\"Та 10 удаа буруу нууц үг оруулсан тул 30 минутын турш түгжигдлээ.\",\"blockedUntil\":\"2025-11-03T04:19:43.515Z\"}","level":"error","message":"HTTP Error Response","method":"POST","service":"xfinance-backend","statusCode":429,"timestamp":"03.11.2025 11:49:43","url":"/login"}
{"error":"{\"message\":\"Та 10 удаа буруу нууц үг оруулсан тул 30 минутын турш түгжигдлээ.\",\"blockedUntil\":\"2025-11-03T04:19:43.838Z\"}","level":"error","message":"HTTP Error Response","method":"POST","service":"xfinance-backend","statusCode":429,"timestamp":"03.11.2025 11:49:43","url":"/login"}
{"error":"{\"message\":\"Та 10 удаа буруу нууц үг оруулсан тул 30 минутын турш түгжигдлээ.\",\"blockedUntil\":\"2025-11-03T04:19:48.153Z\"}","level":"error","message":"HTTP Error Response","method":"POST","service":"xfinance-backend","statusCode":429,"timestamp":"03.11.2025 11:49:48","url":"/login"}
{"error":"{\"message\":\"Та 10 удаа буруу нууц үг оруулсан тул 30 минутын турш түгжигдлээ.\",\"blockedUntil\":\"2025-11-03T04:19:53.637Z\"}","level":"error","message":"HTTP Error Response","method":"POST","service":"xfinance-backend","statusCode":429,"timestamp":"03.11.2025 11:49:53","url":"/login"}
{"error":"{\"message\":\"Нэвтрэх нэр эсвэл нууц үг буруу. 9 оролдлого үлдсэн.\"}","level":"error","message":"HTTP Error Response","method":"POST","service":"xfinance-backend","statusCode":401,"timestamp":"03.11.2025 11:50:05","url":"/login"}
{"error":"{\"message\":\"Access token required\"}","level":"error","message":"HTTP Error Response","method":"GET","service":"xfinance-backend","statusCode":401,"timestamp":"03.11.2025 12:01:51","url":"/"}
{"error":"{\"message\":\"Access token required\"}","level":"error","message":"HTTP Error Response","method":"GET","service":"xfinance-backend","statusCode":401,"timestamp":"03.11.2025 12:02:01","url":"/"}
{"error":"{\"message\":\"Та 10 удаа буруу нууц үг оруулсан тул 30 минутын турш түгжигдлээ.\",\"blockedUntil\":\"2025-11-03T04:32:17.307Z\"}","level":"error","message":"HTTP Error Response","method":"POST","service":"xfinance-backend","statusCode":429,"timestamp":"03.11.2025 12:02:17","url":"/login"}
{"error":"{\"message\":\"Access token required\"}","level":"error","message":"HTTP Error Response","method":"GET","service":"xfinance-backend","statusCode":401,"timestamp":"03.11.2025 12:02:54","url":"/"}
{"error":"{\"message\":\"Access token required\"}","level":"error","message":"HTTP Error Response","method":"GET","service":"xfinance-backend","statusCode":401,"timestamp":"03.11.2025 12:03:06","url":"/"}
{"error":"{\"message\":\"Access token required\"}","level":"error","message":"HTTP Error Response","method":"GET","service":"xfinance-backend","statusCode":401,"timestamp":"03.11.2025 12:06:45","url":"/"}
{"error":"{\"message\":\"Access token required\"}","level":"error","message":"HTTP Error Response","method":"GET","service":"xfinance-backend","statusCode":401,"timestamp":"03.11.2025 12:07:03","url":"/"}
{"error":"{\"message\":\"Access token required\"}","level":"error","message":"HTTP Error Response","method":"GET","service":"xfinance-backend","statusCode":401,"timestamp":"03.11.2025 12:07:08","url":"/"}
{"error":"{\"message\":\"Token хүчингүй байна\"}","level":"error","message":"HTTP Error Response","method":"GET","service":"xfinance-backend","statusCode":403,"timestamp":"05.11.2025 09:06:21","url":"/me"}
{"error":"{\"message\":\"Нэвтрэх нэр эсвэл нууц үг буруу. 9 оролдлого үлдсэн.\"}","level":"error","message":"HTTP Error Response","method":"POST","service":"xfinance-backend","statusCode":401,"timestamp":"05.11.2025 09:07:05","url":"/login"}
{"error":"{\"message\":\"Нэвтрэх нэр эсвэл нууц үг буруу. 9 оролдлого үлдсэн.\"}","level":"error","message":"HTTP Error Response","method":"POST","service":"xfinance-backend","statusCode":401,"timestamp":"05.11.2025 22:05:22","url":"/login"}
{"error":"{\"message\":\"Token хүчингүй байна\"}","level":"error","message":"HTTP Error Response","method":"GET","service":"xfinance-backend","statusCode":403,"timestamp":"06.11.2025 09:54:22","url":"/me"}
{"error":"{\"message\":\"Нэвтрэх нэр эсвэл нууц үг буруу. 9 оролдлого үлдсэн.\"}","level":"error","message":"HTTP Error Response","method":"POST","service":"xfinance-backend","statusCode":401,"timestamp":"06.11.2025 16:57:52","url":"/login"}
{"error":"{\"message\":\"Нэвтрэх нэр эсвэл нууц үг буруу. 8 оролдлого үлдсэн.\"}","level":"error","message":"HTTP Error Response","method":"POST","service":"xfinance-backend","statusCode":401,"timestamp":"06.11.2025 16:57:56","url":"/login"}
{"error":"{\"message\":\"Нэвтрэх нэр эсвэл нууц үг буруу. 9 оролдлого үлдсэн.\"}","level":"error","message":"HTTP Error Response","method":"POST","service":"xfinance-backend","statusCode":401,"timestamp":"07.11.2025 10:23:48","url":"/login"}
{"error":"{\"success\":false,\"error\":\"Орчуулга хийх үед алдаа гарлаа\",\"details\":\"translate is not a function\"}","level":"error","message":"HTTP Error Response","method":"POST","service":"xfinance-backend","statusCode":500,"timestamp":"07.11.2025 10:24:15","url":"/translate"}
{"error":"{\"success\":false,\"error\":\"Орчуулга хийх үед алдаа гарлаа\",\"details\":\"Cannot read properties of undefined (reading 'language')\"}","level":"error","message":"HTTP Error Response","method":"POST","service":"xfinance-backend","statusCode":500,"timestamp":"07.11.2025 10:25:23","url":"/translate"}
{"error":"{\"success\":false,\"error\":\"Орчуулга хийх үед алдаа гарлаа\",\"details\":\"Cannot read properties of undefined (reading 'language')\"}","level":"error","message":"HTTP Error Response","method":"POST","service":"xfinance-backend","statusCode":500,"timestamp":"07.11.2025 10:26:48","url":"/translate"}
{"error":"{\"message\":\"Token хүчингүй байна\"}","level":"error","message":"HTTP Error Response","method":"GET","service":"xfinance-backend","statusCode":403,"timestamp":"08.11.2025 20:20:21","url":"/me"}
{"error":"{\"message\":\"Token хүчингүй байна\"}","level":"error","message":"HTTP Error Response","method":"GET","service":"xfinance-backend","statusCode":403,"timestamp":"09.11.2025 21:10:24","url":"/me"}
{"error":"{\"message\":\"Token хүчингүй байна\"}","level":"error","message":"HTTP Error Response","method":"GET","service":"xfinance-backend","statusCode":403,"timestamp":"11.11.2025 10:15:02","url":"/me"}
{"error":"{\"message\":\"Token хүчингүй байна\"}","level":"error","message":"HTTP Error Response","method":"GET","service":"xfinance-backend","statusCode":403,"timestamp":"18.11.2025 15:07:23","url":"/me"}
{"error":"{\"message\":\"Token хүчингүй байна\"}","level":"error","message":"HTTP Error Response","method":"GET","service":"xfinance-backend","statusCode":403,"timestamp":"25.11.2025 14:53:30","url":"/me"}
